This is pdfTeX, Version 3.14159265-2.6-1.40.17 (MiKTeX 2.9.6100 64-bit) (preloaded format=pdflatex 2016.12.9)  22 SEP 2017 11:07
entering extended mode
**./Robust-PCA-review-draft.tex
(Robust-PCA-review-draft.tex
LaTeX2e <2016/03/31> patch level 3
Babel <3.9r> and hyphenation patterns for 75 language(s) loaded.
("D:\Study\LaTeX\MikTeX 2.9.6161\tex\latex\base\article.cls"
Document Class: article 2014/09/29 v1.4h Standard LaTeX document class
("D:\Study\LaTeX\MikTeX 2.9.6161\tex\latex\base\size12.clo"
File: size12.clo 2014/09/29 v1.4h Standard LaTeX file (size option)
)
\c@part=\count79
\c@section=\count80
\c@subsection=\count81
\c@subsubsection=\count82
\c@paragraph=\count83
\c@subparagraph=\count84
\c@figure=\count85
\c@table=\count86
\abovecaptionskip=\skip41
\belowcaptionskip=\skip42
\bibindent=\dimen102
)
("D:\Study\LaTeX\MikTeX 2.9.6161\tex\latex\amsmath\amsmath.sty"
Package: amsmath 2016/06/28 v2.15d AMS math features
\@mathmargin=\skip43

For additional information on amsmath, use the `?' option.
("D:\Study\LaTeX\MikTeX 2.9.6161\tex\latex\amsmath\amstext.sty"
Package: amstext 2000/06/29 v2.01 AMS text

("D:\Study\LaTeX\MikTeX 2.9.6161\tex\latex\amsmath\amsgen.sty"
File: amsgen.sty 1999/11/30 v2.0 generic functions
\@emptytoks=\toks14
\ex@=\dimen103
))
("D:\Study\LaTeX\MikTeX 2.9.6161\tex\latex\amsmath\amsbsy.sty"
Package: amsbsy 1999/11/29 v1.2d Bold Symbols
\pmbraise@=\dimen104
)
("D:\Study\LaTeX\MikTeX 2.9.6161\tex\latex\amsmath\amsopn.sty"
Package: amsopn 2016/03/08 v2.02 operator names
)
\inf@bad=\count87
LaTeX Info: Redefining \frac on input line 199.
\uproot@=\count88
\leftroot@=\count89
LaTeX Info: Redefining \overline on input line 297.
\classnum@=\count90
\DOTSCASE@=\count91
LaTeX Info: Redefining \ldots on input line 394.
LaTeX Info: Redefining \dots on input line 397.
LaTeX Info: Redefining \cdots on input line 518.
\Mathstrutbox@=\box26
\strutbox@=\box27
\big@size=\dimen105
LaTeX Font Info:    Redeclaring font encoding OML on input line 634.
LaTeX Font Info:    Redeclaring font encoding OMS on input line 635.
\macc@depth=\count92
\c@MaxMatrixCols=\count93
\dotsspace@=\muskip10
\c@parentequation=\count94
\dspbrk@lvl=\count95
\tag@help=\toks15
\row@=\count96
\column@=\count97
\maxfields@=\count98
\andhelp@=\toks16
\eqnshift@=\dimen106
\alignsep@=\dimen107
\tagshift@=\dimen108
\tagwidth@=\dimen109
\totwidth@=\dimen110
\lineht@=\dimen111
\@envbody=\toks17
\multlinegap=\skip44
\multlinetaggap=\skip45
\mathdisplay@stack=\toks18
LaTeX Info: Redefining \[ on input line 2739.
LaTeX Info: Redefining \] on input line 2740.
)
("D:\Study\LaTeX\MikTeX 2.9.6161\tex\latex\amsfonts\amssymb.sty"
Package: amssymb 2013/01/14 v3.01 AMS font symbols

("D:\Study\LaTeX\MikTeX 2.9.6161\tex\latex\amsfonts\amsfonts.sty"
Package: amsfonts 2013/01/14 v3.01 Basic AMSFonts support
\symAMSa=\mathgroup4
\symAMSb=\mathgroup5
LaTeX Font Info:    Overwriting math alphabet `\mathfrak' in version `bold'
(Font)                  U/euf/m/n --> U/euf/b/n on input line 106.
))
("D:\Study\LaTeX\MikTeX 2.9.6161\tex\latex\amscls\amsthm.sty"
Package: amsthm 2015/03/04 v2.20.2
\thm@style=\toks19
\thm@bodyfont=\toks20
\thm@headfont=\toks21
\thm@notefont=\toks22
\thm@headpunct=\toks23
\thm@preskip=\skip46
\thm@postskip=\skip47
\thm@headsep=\skip48
\dth@everypar=\toks24
) (mycommands1.sty) ("D:\Study\LaTeX\MikTeX 2.9.6161\tex\latex\natbib\natbib.st
y"
Package: natbib 2010/09/13 8.31b (PWD, AO)
\bibhang=\skip49
\bibsep=\skip50
LaTeX Info: Redefining \cite on input line 694.
\c@NAT@ctr=\count99
)
("D:\Study\LaTeX\MikTeX 2.9.6161\tex\latex\graphics\graphicx.sty"
Package: graphicx 2014/10/28 v1.0g Enhanced LaTeX Graphics (DPC,SPQR)

("D:\Study\LaTeX\MikTeX 2.9.6161\tex\latex\graphics\keyval.sty"
Package: keyval 2014/10/28 v1.15 key=value parser (DPC)
\KV@toks@=\toks25
)
("D:\Study\LaTeX\MikTeX 2.9.6161\tex\latex\graphics\graphics.sty"
Package: graphics 2016/07/10 v1.0t Standard LaTeX Graphics (DPC,SPQR)

("D:\Study\LaTeX\MikTeX 2.9.6161\tex\latex\graphics\trig.sty"
Package: trig 2016/01/03 v1.10 sin cos tan (DPC)
)
("D:\Study\LaTeX\MikTeX 2.9.6161\tex\latex\graphics-cfg\graphics.cfg"
File: graphics.cfg 2016/06/04 v1.11 sample graphics configuration
)
Package graphics Info: Driver file: pdftex.def on input line 99.

("D:\Study\LaTeX\MikTeX 2.9.6161\tex\latex\graphics-def\pdftex.def"
File: pdftex.def 2016/07/10 v0.06j Graphics/color for pdfTeX

("D:\Study\LaTeX\MikTeX 2.9.6161\tex\generic\oberdiek\infwarerr.sty"
Package: infwarerr 2016/05/16 v1.4 Providing info/warning/error messages (HO)
)
("D:\Study\LaTeX\MikTeX 2.9.6161\tex\generic\oberdiek\ltxcmds.sty"
Package: ltxcmds 2016/05/16 v1.23 LaTeX kernel commands for general use (HO)
)
\Gread@gobject=\count100
))
\Gin@req@height=\dimen112
\Gin@req@width=\dimen113
)
("D:\Study\LaTeX\MikTeX 2.9.6161\tex\latex\caption\caption.sty"
Package: caption 2016/02/21 v3.3-144 Customizing captions (AR)

("D:\Study\LaTeX\MikTeX 2.9.6161\tex\latex\caption\caption3.sty"
Package: caption3 2016/05/22 v1.7-166 caption3 kernel (AR)
Package caption3 Info: TeX engine: e-TeX on input line 67.
\captionmargin=\dimen114
\captionmargin@=\dimen115
\captionwidth=\dimen116
\caption@tempdima=\dimen117
\caption@indent=\dimen118
\caption@parindent=\dimen119
\caption@hangindent=\dimen120
)
\c@ContinuedFloat=\count101
)
("D:\Study\LaTeX\MikTeX 2.9.6161\tex\latex\graphics\color.sty"
Package: color 2016/07/10 v1.1e Standard LaTeX Color (DPC)

("D:\Study\LaTeX\MikTeX 2.9.6161\tex\latex\graphics-cfg\color.cfg"
File: color.cfg 2016/01/02 v1.6 sample color configuration
)
Package color Info: Driver file: pdftex.def on input line 147.
)
("D:\Study\LaTeX\MikTeX 2.9.6161\tex\latex\tools\dcolumn.sty"
Package: dcolumn 2014/10/28 v1.06 decimal alignment package (DPC)

("D:\Study\LaTeX\MikTeX 2.9.6161\tex\latex\tools\array.sty"
Package: array 2014/10/28 v2.4c Tabular extension package (FMi)
\col@sep=\dimen121
\extrarowheight=\dimen122
\NC@list=\toks26
\extratabsurround=\skip51
\backup@length=\skip52
))
("D:\Study\LaTeX\MikTeX 2.9.6161\tex\latex\tools\bm.sty"
Package: bm 2016/07/07 v1.2b Bold Symbol Support (DPC/FMi)
\symboldoperators=\mathgroup6
\symboldletters=\mathgroup7
\symboldsymbols=\mathgroup8
LaTeX Font Info:    Redeclaring math alphabet \mathbf on input line 142.
LaTeX Info: Redefining \bm on input line 208.
)
("D:\Study\LaTeX\MikTeX 2.9.6161\tex\latex\float\float.sty"
Package: float 2001/11/08 v1.3d Float enhancements (AL)
\c@float@type=\count102
\float@exts=\toks27
\float@box=\box28
\@float@everytoks=\toks28
\@floatcapt=\box29
)
("D:\Study\LaTeX\MikTeX 2.9.6161\tex\latex\hyperref\hyperref.sty"
Package: hyperref 2016/06/24 v6.83q Hypertext links for LaTeX

("D:\Study\LaTeX\MikTeX 2.9.6161\tex\generic\oberdiek\hobsub-hyperref.sty"
Package: hobsub-hyperref 2016/05/16 v1.14 Bundle oberdiek, subset hyperref (HO)


("D:\Study\LaTeX\MikTeX 2.9.6161\tex\generic\oberdiek\hobsub-generic.sty"
Package: hobsub-generic 2016/05/16 v1.14 Bundle oberdiek, subset generic (HO)
Package: hobsub 2016/05/16 v1.14 Construct package bundles (HO)
Package hobsub Info: Skipping package `infwarerr' (already loaded).
Package hobsub Info: Skipping package `ltxcmds' (already loaded).
Package: ifluatex 2016/05/16 v1.4 Provides the ifluatex switch (HO)
Package ifluatex Info: LuaTeX not detected.
Package: ifvtex 2016/05/16 v1.6 Detect VTeX and its facilities (HO)
Package ifvtex Info: VTeX not detected.
Package: intcalc 2016/05/16 v1.2 Expandable calculations with integers (HO)
Package: ifpdf 2016/05/14 v3.1 Provides the ifpdf switch
Package: etexcmds 2016/05/16 v1.6 Avoid name clashes with e-TeX commands (HO)
Package etexcmds Info: Could not find \expanded.
(etexcmds)             That can mean that you are not using pdfTeX 1.50 or
(etexcmds)             that some package has redefined \expanded.
(etexcmds)             In the latter case, load this package earlier.
Package: kvsetkeys 2016/05/16 v1.17 Key value parser (HO)
Package: kvdefinekeys 2016/05/16 v1.4 Define keys (HO)
Package: pdftexcmds 2016/05/21 v0.22 Utility functions of pdfTeX for LuaTeX (HO
)
Package pdftexcmds Info: LuaTeX not detected.
Package pdftexcmds Info: \pdf@primitive is available.
Package pdftexcmds Info: \pdf@ifprimitive is available.
Package pdftexcmds Info: \pdfdraftmode found.
Package: pdfescape 2016/05/16 v1.14 Implements pdfTeX's escape features (HO)
Package: bigintcalc 2016/05/16 v1.4 Expandable calculations on big integers (HO
)
Package: bitset 2016/05/16 v1.2 Handle bit-vector datatype (HO)
Package: uniquecounter 2016/05/16 v1.3 Provide unlimited unique counter (HO)
)
Package hobsub Info: Skipping package `hobsub' (already loaded).
Package: letltxmacro 2016/05/16 v1.5 Let assignment for LaTeX macros (HO)
Package: hopatch 2016/05/16 v1.3 Wrapper for package hooks (HO)
Package: xcolor-patch 2016/05/16 xcolor patch
Package: atveryend 2016/05/16 v1.9 Hooks at the very end of document (HO)
Package atveryend Info: \enddocument detected (standard20110627).
Package: atbegshi 2016/06/09 v1.18 At begin shipout hook (HO)
Package: refcount 2016/05/16 v3.5 Data extraction from label references (HO)
Package: hycolor 2016/05/16 v1.8 Color options for hyperref/bookmark (HO)
)
("D:\Study\LaTeX\MikTeX 2.9.6161\tex\generic\ifxetex\ifxetex.sty"
Package: ifxetex 2010/09/12 v0.6 Provides ifxetex conditional
)
("D:\Study\LaTeX\MikTeX 2.9.6161\tex\latex\oberdiek\auxhook.sty"
Package: auxhook 2016/05/16 v1.4 Hooks for auxiliary files (HO)
)
("D:\Study\LaTeX\MikTeX 2.9.6161\tex\latex\oberdiek\kvoptions.sty"
Package: kvoptions 2016/05/16 v3.12 Key value format for package options (HO)
)
\@linkdim=\dimen123
\Hy@linkcounter=\count103
\Hy@pagecounter=\count104

("D:\Study\LaTeX\MikTeX 2.9.6161\tex\latex\hyperref\pd1enc.def"
File: pd1enc.def 2016/06/24 v6.83q Hyperref: PDFDocEncoding definition (HO)
)
\Hy@SavedSpaceFactor=\count105

("D:\Study\LaTeX\MikTeX 2.9.6161\tex\latex\00miktex\hyperref.cfg"
File: hyperref.cfg 2002/06/06 v1.2 hyperref configuration of TeXLive
)
Package hyperref Info: Hyper figures OFF on input line 4486.
Package hyperref Info: Link nesting OFF on input line 4491.
Package hyperref Info: Hyper index ON on input line 4494.
Package hyperref Info: Plain pages OFF on input line 4501.
Package hyperref Info: Backreferencing OFF on input line 4506.
Package hyperref Info: Implicit mode ON; LaTeX internals redefined.
Package hyperref Info: Bookmarks ON on input line 4735.
\c@Hy@tempcnt=\count106

("D:\Study\LaTeX\MikTeX 2.9.6161\tex\latex\url\url.sty"
\Urlmuskip=\muskip11
Package: url 2013/09/16  ver 3.4  Verb mode for urls, etc.
)
LaTeX Info: Redefining \url on input line 5088.
\XeTeXLinkMargin=\dimen124
\Fld@menulength=\count107
\Field@Width=\dimen125
\Fld@charsize=\dimen126
Package hyperref Info: Hyper figures OFF on input line 6342.
Package hyperref Info: Link nesting OFF on input line 6347.
Package hyperref Info: Hyper index ON on input line 6350.
Package hyperref Info: backreferencing OFF on input line 6357.
Package hyperref Info: Link coloring OFF on input line 6362.
Package hyperref Info: Link coloring with OCG OFF on input line 6367.
Package hyperref Info: PDF/A mode OFF on input line 6372.
LaTeX Info: Redefining \ref on input line 6412.
LaTeX Info: Redefining \pageref on input line 6416.
\Hy@abspage=\count108
\c@Item=\count109
\c@Hfootnote=\count110
)

Package hyperref Message: Driver (autodetected): hpdftex.

("D:\Study\LaTeX\MikTeX 2.9.6161\tex\latex\hyperref\hpdftex.def"
File: hpdftex.def 2016/06/24 v6.83q Hyperref driver for pdfTeX
\Fld@listcount=\count111
\c@bookmark@seq@number=\count112

("D:\Study\LaTeX\MikTeX 2.9.6161\tex\latex\oberdiek\rerunfilecheck.sty"
Package: rerunfilecheck 2016/05/16 v1.8 Rerun checks for auxiliary files (HO)
Package uniquecounter Info: New unique counter `rerunfilecheck' on input line 2
82.
)
\Hy@SectionHShift=\skip53
)
Package hyperref Info: Option `colorlinks' set `true' on input line 55.

("D:\Study\LaTeX\MikTeX 2.9.6161\tex\latex\pstricks\pstricks.sty"
Package: pstricks 2015/11/14 v0.62 LaTeX wrapper for `PSTricks' (RN,HV)

("D:\Study\LaTeX\MikTeX 2.9.6161\tex\latex\xcolor\xcolor.sty"
Package: xcolor 2016/05/11 v2.12 LaTeX color extensions (UK)

("D:\Study\LaTeX\MikTeX 2.9.6161\tex\latex\graphics-cfg\color.cfg"
File: color.cfg 2016/01/02 v1.6 sample color configuration
)
Package xcolor Info: Package option `pdf' ignored on input line 216.
Package xcolor Info: Driver file: pdftex.def on input line 225.
LaTeX Info: Redefining \color on input line 709.
Package xcolor Info: Model `cmy' substituted by `cmy0' on input line 1348.
Package xcolor Info: Model `hsb' substituted by `rgb' on input line 1352.
Package xcolor Info: Model `RGB' extended on input line 1364.
Package xcolor Info: Model `HTML' substituted by `rgb' on input line 1366.
Package xcolor Info: Model `Hsb' substituted by `hsb' on input line 1367.
Package xcolor Info: Model `tHsb' substituted by `hsb' on input line 1368.
Package xcolor Info: Model `HSB' substituted by `hsb' on input line 1369.
Package xcolor Info: Model `Gray' substituted by `gray' on input line 1370.
Package xcolor Info: Model `wave' substituted by `hsb' on input line 1371.
)
("D:\Study\LaTeX\MikTeX 2.9.6161\tex\generic\pstricks\pstricks.tex"
("D:\Study\LaTeX\MikTeX 2.9.6161\tex\generic\xkeyval\pst-xkey.tex"
File: pst-xkey.tex 2005/11/25 v1.6 PSTricks specialization of xkeyval (HA)

("D:\Study\LaTeX\MikTeX 2.9.6161\tex\latex\xkeyval\xkeyval.sty"
Package: xkeyval 2014/12/03 v2.7a package option processing (HA)

("D:\Study\LaTeX\MikTeX 2.9.6161\tex\generic\xkeyval\xkeyval.tex"
("D:\Study\LaTeX\MikTeX 2.9.6161\tex\generic\xkeyval\xkvutils.tex"
\XKV@toks=\toks29
\XKV@tempa@toks=\toks30
)
\XKV@depth=\count113
File: xkeyval.tex 2014/12/03 v2.7a key=value parser (HA)
)))
("D:\Study\LaTeX\MikTeX 2.9.6161\tex\generic\pstricks\pst-fp.tex"
`pst-fp' v0.05, 2010/01/17 (hv)
\pstFP@xs=\count114
\pstFP@xia=\count115
\pstFP@xib=\count116
\pstFP@xfa=\count117
\pstFP@xfb=\count118
\pstFP@rega=\count119
\pstFP@regb=\count120
\pstFP@regs=\count121
\pstFP@times=\count122
)
("D:\Study\LaTeX\MikTeX 2.9.6161\tex\generic\pgf\utilities\pgfutil-common.tex"
\pgfutil@everybye=\toks31
\pgfutil@tempdima=\dimen127
\pgfutil@tempdimb=\dimen128

("D:\Study\LaTeX\MikTeX 2.9.6161\tex\generic\pgf\utilities\pgfutil-common-lists
.tex"))
("D:\Study\LaTeX\MikTeX 2.9.6161\tex\generic\pgf\utilities\pgfkeys.code.tex"
\pgfkeys@pathtoks=\toks32
\pgfkeys@temptoks=\toks33

("D:\Study\LaTeX\MikTeX 2.9.6161\tex\generic\pgf\utilities\pgfkeysfiltered.code
.tex"
\pgfkeys@tmptoks=\toks34
))
("D:\Study\LaTeX\MikTeX 2.9.6161\tex\generic\pgf\utilities\pgffor.code.tex"
("D:\Study\LaTeX\MikTeX 2.9.6161\tex\generic\pgf\math\pgfmath.code.tex"
("D:\Study\LaTeX\MikTeX 2.9.6161\tex\generic\pgf\math\pgfmathcalc.code.tex"
("D:\Study\LaTeX\MikTeX 2.9.6161\tex\generic\pgf\math\pgfmathutil.code.tex"
\pgf@x=\dimen129
\pgf@xa=\dimen130
\pgf@xb=\dimen131
\pgf@xc=\dimen132
\pgf@y=\dimen133
\pgf@ya=\dimen134
\pgf@yb=\dimen135
\pgf@yc=\dimen136
\c@pgf@counta=\count123
\c@pgf@countb=\count124
\c@pgf@countc=\count125
\c@pgf@countd=\count126
\pgfutil@tempcnta=\count127
\pgfutil@tempcntb=\count128
)
("D:\Study\LaTeX\MikTeX 2.9.6161\tex\generic\pgf\math\pgfmathparser.code.tex"
\pgfmath@dimen=\dimen137
\pgfmath@count=\count129
\pgfmath@box=\box30
\pgfmath@toks=\toks35
\pgfmath@stack@operand=\toks36
\pgfmath@stack@operation=\toks37
)
("D:\Study\LaTeX\MikTeX 2.9.6161\tex\generic\pgf\math\pgfmathfunctions.code.tex
"
("D:\Study\LaTeX\MikTeX 2.9.6161\tex\generic\pgf\math\pgfmathfunctions.basic.co
de.tex")
("D:\Study\LaTeX\MikTeX 2.9.6161\tex\generic\pgf\math\pgfmathfunctions.trigonom
etric.code.tex")
("D:\Study\LaTeX\MikTeX 2.9.6161\tex\generic\pgf\math\pgfmathfunctions.random.c
ode.tex")
("D:\Study\LaTeX\MikTeX 2.9.6161\tex\generic\pgf\math\pgfmathfunctions.comparis
on.code.tex")
("D:\Study\LaTeX\MikTeX 2.9.6161\tex\generic\pgf\math\pgfmathfunctions.base.cod
e.tex")
("D:\Study\LaTeX\MikTeX 2.9.6161\tex\generic\pgf\math\pgfmathfunctions.round.co
de.tex")
("D:\Study\LaTeX\MikTeX 2.9.6161\tex\generic\pgf\math\pgfmathfunctions.misc.cod
e.tex")
("D:\Study\LaTeX\MikTeX 2.9.6161\tex\generic\pgf\math\pgfmathfunctions.integera
rithmetics.code.tex")))
("D:\Study\LaTeX\MikTeX 2.9.6161\tex\generic\pgf\math\pgfmathfloat.code.tex"
\c@pgfmathroundto@lastzeros=\count130
))
\pgffor@iter=\dimen138
\pgffor@skip=\dimen139
\pgffor@stack=\toks38
\pgffor@toks=\toks39
)
\psLoopIndex=\count131
`PSTricks' v2.70  <2016/09/23> (tvz)
\pst@dima=\dimen140
\pst@dimb=\dimen141
\pst@dimc=\dimen142
\pst@dimd=\dimen143
\pst@dimg=\dimen144
\pst@dimh=\dimen145
\pst@dimm=\dimen146
\pst@dimn=\dimen147
\pst@dimo=\dimen148
\pst@dimp=\dimen149
\pst@hbox=\box31
\pst@ibox=\box32
\pst@boxg=\box33
\pst@cnta=\count132
\pst@cntb=\count133
\pst@cntc=\count134
\pst@cntd=\count135
\pst@cntg=\count136
\pst@cnth=\count137
\pst@cntm=\count138
\pst@cntn=\count139
\pst@cnto=\count140
\pst@cntp=\count141
\@zero=\count142
\pst@toks=\toks40
("D:\Study\LaTeX\MikTeX 2.9.6161\tex\generic\pstricks\pstricks.con")
\psunit=\dimen150
\psxunit=\dimen151
\psyunit=\dimen152
\pst@C@@rType=\count143
\pslinewidth=\dimen153
\psk@startLW=\dimen154
\psk@endLW=\dimen155
\pst@customdefs=\toks41
\pslinearc=\dimen156
\pst@symbolStep=\dimen157
\pst@symbolWidth=\dimen158
\pst@symbolLinewidth=\dimen159
\everypsbox=\toks42
\psframesep=\dimen160
\pslabelsep=\dimen161
\sh@wgridXunit=\dimen162
\sh@wgridYunit=\dimen163
\pst@shift=\dimen164
)
File: pstricks.tex 2016/09/23 v2.70 `PSTricks' (tvz,hv)

("D:\Study\LaTeX\MikTeX 2.9.6161\tex\generic\pstricks\pst-fp.tex")
File: pst-fp.tex 2016/09/23 v2.70 `PST-fp' (hv)
)
("D:\Study\LaTeX\MikTeX 2.9.6161\tex\latex\graphics\epsfig.sty"
Package: epsfig 1999/02/16 v1.7a (e)psfig emulation (SPQR)
\epsfxsize=\dimen165
\epsfysize=\dimen166
)
("D:\Study\LaTeX\MikTeX 2.9.6161\tex\latex\pst-grad\pst-grad.sty"
Package: pst-grad 2004/07/15 package wrapper for pst-grad.tex (hv)

("D:\Study\LaTeX\MikTeX 2.9.6161\tex\generic\pst-grad\pst-grad.tex"
`pst-grad' v1.06, 2006/11/27 (tvz,dg,hv))
File: pst-grad.tex 2006/11/27 1.06 `pst-grad' (tvz)
)
("D:\Study\LaTeX\MikTeX 2.9.6161\tex\latex\pst-plot\pst-plot.sty"
Package: pst-plot 2011/06/05 v1.00 LaTeX wrapper for `pst-plot' (HV)

("D:\Study\LaTeX\MikTeX 2.9.6161\tex\latex\xkeyval\pst-xkey.sty"
Package: pst-xkey 2005/11/25 v1.6 package wrapper for pst-xkey.tex (HA)
)
("D:\Study\LaTeX\MikTeX 2.9.6161\tex\latex\multido\multido.sty"
Package: multido 2004/05/17 package wrapper for PSTricks `multido.tex', (HV/RN)


("D:\Study\LaTeX\MikTeX 2.9.6161\tex\generic\multido\multido.tex"
 v1.42, 2010/05/14 <tvz>
\multido@count=\count144
\multidocount=\count145
\multido@stuff=\toks43
)
File: multido.tex 2010/05/14 v1.42 `multido' (tvz,hv)
)
Package: pst-plot 2011/04/13 package wrapper for pst-plot.tex (hv)

("D:\Study\LaTeX\MikTeX 2.9.6161\tex\generic\pst-plot\pst-plot.tex"
("D:\Study\LaTeX\MikTeX 2.9.6161\tex\generic\pst-tools\pst-tools.tex"
`PST-tools' v0.06, 2017/05/12 (hv))
("D:\Study\LaTeX\MikTeX 2.9.6161\tex\generic\pstricks-add\pstricks-add.tex"
("D:\Study\LaTeX\MikTeX 2.9.6161\tex\generic\pst-node\pst-node.tex"
 v1.39, 2017/01/20
\psrow=\count146
\pscol=\count147
\psmatrixcnt=\count148
\psrowsep=\skip54
\pscolsep=\skip55
\pst@args=\count149
\num@pts=\count150
\pst@argcnt=\count151
)
("D:\Study\LaTeX\MikTeX 2.9.6161\tex\generic\pst-arrow\pst-arrow.tex"
`pst-arrow' v0.01, 2016/09/01 (dr,hv)
\pshooklength=\dimen167
\pshookwidth=\dimen168
)
("D:\Study\LaTeX\MikTeX 2.9.6161\tex\generic\pst-3d\pst-3d.tex"
`PST-3d' v1.11, 2010/02/14 (tvz))
("D:\Study\LaTeX\MikTeX 2.9.6161\tex\generic\pst-math\pst-math.tex"
`pst-math' v0.63 , (CJ,hv)) `pstricks-add' v3.83, 2017/05/10 (dr,hv)
\psparallelogramsep=\dimen169
\pst@cntC=\count152
\chart@ColorIndex=\dimen170
\chart@ColorStep=\dimen171
\pst@chartHeight=\dimen172
\pst@chartStackDepth=\dimen173
\pst@chartStackWidth=\dimen174
\chart@Toggle=\count153
\psVectorCtr=\count154
)
 v1.79, 2017/05/22 (tvz,hv)
\pstRadUnit=\dimen175
\pstRadUnitInv=\dimen176
\pst@linecnt=\count155
\RCD@file=\read1
\psxlabelsep=\dimen177
\psylabelsep=\dimen178
\psk@subticksize=\dimen179
\pst@xticksizeA=\dimen180
\pst@xticksizeB=\dimen181
\pst@xticksizeC=\dimen182
\pst@yticksizeA=\dimen183
\pst@yticksizeB=\dimen184
\pst@yticksizeC=\dimen185
\@digitcounter=\count156
\psk@llx=\dimen186
\psk@lly=\dimen187
\psk@urx=\dimen188
\psk@ury=\dimen189
\pst@xunit=\dimen190
\pst@yunit=\dimen191
)
File: pst-plot.tex 2017/05/22 1.79 `pst-plot' (tvz,hv)
)
("D:\Study\LaTeX\MikTeX 2.9.6161\tex\latex\oberdiek\grffile.sty"
Package: grffile 2016/05/16 v1.17 Extended file name support for graphics (HO)
Package grffile Info: Option `multidot' is set to `true'.
Package grffile Info: Option `extendedchars' is set to `false'.
Package grffile Info: Option `space' is set to `true'.
Package grffile Info: \Gin@ii of package `graphicx' fixed on input line 486.
)
("D:\Study\LaTeX\MikTeX 2.9.6161\tex\latex\etoolbox\etoolbox.sty"
Package: etoolbox 2017/01/02 v2.4 e-TeX tools for LaTeX (JAW)
\etb@tempcnta=\count157
)
(Robust-PCA-review-draft.aux)
\openout1 = `Robust-PCA-review-draft.aux'.

LaTeX Font Info:    Checking defaults for OML/cmm/m/it on input line 86.
LaTeX Font Info:    ... okay on input line 86.
LaTeX Font Info:    Checking defaults for T1/cmr/m/n on input line 86.
LaTeX Font Info:    ... okay on input line 86.
LaTeX Font Info:    Checking defaults for OT1/cmr/m/n on input line 86.
LaTeX Font Info:    ... okay on input line 86.
LaTeX Font Info:    Checking defaults for OMS/cmsy/m/n on input line 86.
LaTeX Font Info:    ... okay on input line 86.
LaTeX Font Info:    Checking defaults for OMX/cmex/m/n on input line 86.
LaTeX Font Info:    ... okay on input line 86.
LaTeX Font Info:    Checking defaults for U/cmr/m/n on input line 86.
LaTeX Font Info:    ... okay on input line 86.
LaTeX Font Info:    Checking defaults for PD1/pdf/m/n on input line 86.
LaTeX Font Info:    ... okay on input line 86.

("D:\Study\LaTeX\MikTeX 2.9.6161\tex\context\base\supp-pdf.mkii"
[Loading MPS to PDF converter (version 2006.09.02).]
\scratchcounter=\count158
\scratchdimen=\dimen192
\scratchbox=\box34
\nofMPsegments=\count159
\nofMParguments=\count160
\everyMPshowfont=\toks44
\MPscratchCnt=\count161
\MPscratchDim=\dimen193
\MPnumerator=\count162
\makeMPintoPDFobject=\count163
\everyMPtoPDFconversion=\toks45
) ("D:\Study\LaTeX\MikTeX 2.9.6161\tex\latex\oberdiek\epstopdf-base.sty"
Package: epstopdf-base 2016/05/15 v2.6 Base part for package epstopdf

("D:\Study\LaTeX\MikTeX 2.9.6161\tex\latex\oberdiek\grfext.sty"
Package: grfext 2016/05/16 v1.2 Manage graphics extensions (HO)
)
Package epstopdf-base Info: Redefining graphics rule for `.eps' on input line 4
38.
Package grfext Info: Graphics extension search list:
(grfext)             [.png,.pdf,.jpg,.mps,.jpeg,.jbig2,.jb2,.PNG,.PDF,.JPG,.JPE
G,.JBIG2,.JB2,.eps]
(grfext)             \AppendGraphicsExtensions on input line 456.
)
Package caption Info: Begin \AtBeginDocument code.
Package caption Info: float package is loaded.
Package caption Info: hyperref package is loaded.
Package caption Info: End \AtBeginDocument code.
\AtBeginShipoutBox=\box35
Package hyperref Info: Link coloring ON on input line 86.

("D:\Study\LaTeX\MikTeX 2.9.6161\tex\latex\hyperref\nameref.sty"
Package: nameref 2016/05/21 v2.44 Cross-referencing by name of section

("D:\Study\LaTeX\MikTeX 2.9.6161\tex\generic\oberdiek\gettitlestring.sty"
Package: gettitlestring 2016/05/16 v1.5 Cleanup title references (HO)
)
\c@section@level=\count164
)
LaTeX Info: Redefining \ref on input line 86.
LaTeX Info: Redefining \pageref on input line 86.
LaTeX Info: Redefining \nameref on input line 86.

(Robust-PCA-review-draft.out) (Robust-PCA-review-draft.out)
\@outlinefile=\write3
\openout3 = `Robust-PCA-review-draft.out'.

LaTeX Font Info:    Try loading font information for U+msa on input line 88.

("D:\Study\LaTeX\MikTeX 2.9.6161\tex\latex\amsfonts\umsa.fd"
File: umsa.fd 2013/01/14 v3.01 AMS symbols A
)
LaTeX Font Info:    Try loading font information for U+msb on input line 88.

("D:\Study\LaTeX\MikTeX 2.9.6161\tex\latex\amsfonts\umsb.fd"
File: umsb.fd 2013/01/14 v3.01 AMS symbols B
)
LaTeX Font Info:    Try loading font information for OMS+cmr on input line 88.

("D:\Study\LaTeX\MikTeX 2.9.6161\tex\latex\base\omscmr.fd"
File: omscmr.fd 2014/09/29 v2.5h Standard LaTeX font definitions
)
LaTeX Font Info:    Font shape `OMS/cmr/m/n' in size <10> not available
(Font)              Font shape `OMS/cmsy/m/n' tried instead on input line 88.
LaTeX Font Info:    Font shape `OMS/cmr/m/n' in size <7> not available
(Font)              Font shape `OMS/cmsy/m/n' tried instead on input line 88.
\c@Theorem=\count165
 [1
Non-PDF special ignored!
Non-PDF special ignored!
Non-PDF special ignored!
Non-PDF special ignored!
Non-PDF special ignored!
Non-PDF special ignored!
Non-PDF special ignored!
Non-PDF special ignored!
Non-PDF special ignored!


Non-PDF special ignored!
Non-PDF special ignored!
Non-PDF special ignored!
Non-PDF special ignored!{C:/Users/Subho/AppData/Local/MiKTeX/2.9/pdftex/config/
pdftex.map}] (Introduction.tex [2


]) (RobustCov.tex [3]
LaTeX Font Info:    Font shape `OMS/cmr/m/n' in size <12> not available
(Font)              Font shape `OMS/cmsy/m/n' tried instead on input line 20.
 [4]
<allthree.pdf, id=135, 578.16pt x 216.81pt>
File: allthree.pdf Graphic file (type pdf)
 <use allthree.pdf>
Package pdftex.def Info: allthree.pdf used on input line 60.
(pdftex.def)             Requested size: 469.75499pt x 176.15768pt.
 [5]
Overfull \hbox (0.49707pt too wide) in paragraph at lines 69--71
[][][]\OT1/cmr/m/n/12 Majumdar and Chat-ter-jee[][] ([][]2015[][]) rec-ti-fied 
this by weight-ing the spa-tial signs by a bounded
 []

[6 <./allthree.pdf>] <ROBPCA.pdf, id=187, 325.48601pt x 191.68614pt>
File: ROBPCA.pdf Graphic file (type pdf)

<use ROBPCA.pdf>
Package pdftex.def Info: ROBPCA.pdf used on input line 82.
(pdftex.def)             Requested size: 281.85585pt x 165.99925pt.
 [7]) (PCP.tex [8 <./ROBPCA.pdf>] [9] [10]) (Numerical.tex
[11] [12] <all_denoise.png, id=319, 526.96875pt x 489.32813pt>
File: all_denoise.png Graphic file (type png)

<use all_denoise.png>
Package pdftex.def Info: all_denoise.png used on input line 57.
(pdftex.def)             Requested size: 375.80542pt x 348.97842pt.
) (Others.tex [13]) (Conclusion.tex)
(Robust-PCA-review-draft.bbl [14 <./all_denoise.png>] [15] [16] [17] [18]
Missing character: There is no â in font cmti12!
Missing character: There is no € in font cmti12!
Missing character: There is no “ in font cmti12!
)
Package atveryend Info: Empty hook `BeforeClearDocument' on input line 139.

[19]
Package atveryend Info: Empty hook `AfterLastShipout' on input line 139.
 (Robust-PCA-review-draft.aux)
Package atveryend Info: Executing hook `AtVeryEndDocument' on input line 139.
Package atveryend Info: Executing hook `AtEndAfterFileList' on input line 139.
Package rerunfilecheck Info: File `Robust-PCA-review-draft.out' has not changed
.
(rerunfilecheck)             Checksum: D41D8CD98F00B204E9800998ECF8427E;0.
Package atveryend Info: Empty hook `AtVeryVeryEnd' on input line 139.
 ) 
Here is how much of TeX's memory you used:
 17361 strings out of 493333
 286547 string characters out of 3137901
 436750 words of memory out of 3000000
 20512 multiletter control sequences out of 15000+200000
 20292 words of font info for 75 fonts, out of 3000000 for 9000
 1141 hyphenation exceptions out of 8191
 38i,12n,77p,1534b,502s stack positions out of 5000i,500n,10000p,200000b,50000s
<D:/Study/LaTeX/MikTeX 2.9.6161/fonts/type1/public/amsfonts/cm/cmbx10.pfb><D:
/Study/LaTeX/MikTeX 2.9.6161/fonts/type1/public/amsfonts/cm/cmbx12.pfb><D:/Stud
y/LaTeX/MikTeX 2.9.6161/fonts/type1/public/amsfonts/cm/cmbx8.pfb><D:/Study/LaTe
X/MikTeX 2.9.6161/fonts/type1/public/amsfonts/cm/cmex10.pfb><D:/Study/LaTeX/Mik
TeX 2.9.6161/fonts/type1/public/amsfonts/cm/cmmi10.pfb><D:/Study/LaTeX/MikTeX 2
.9.6161/fonts/type1/public/amsfonts/cm/cmmi12.pfb><D:/Study/LaTeX/MikTeX 2.9.61
61/fonts/type1/public/amsfonts/cm/cmmi6.pfb><D:/Study/LaTeX/MikTeX 2.9.6161/fon
ts/type1/public/amsfonts/cm/cmmi8.pfb><D:/Study/LaTeX/MikTeX 2.9.6161/fonts/typ
e1/public/amsfonts/cm/cmmib10.pfb><D:/Study/LaTeX/MikTeX 2.9.6161/fonts/type1/p
ublic/amsfonts/cm/cmr10.pfb><D:/Study/LaTeX/MikTeX 2.9.6161/fonts/type1/public/
amsfonts/cm/cmr12.pfb><D:/Study/LaTeX/MikTeX 2.9.6161/fonts/type1/public/amsfon
ts/cm/cmr17.pfb><D:/Study/LaTeX/MikTeX 2.9.6161/fonts/type1/public/amsfonts/cm/
cmr8.pfb><D:/Study/LaTeX/MikTeX 2.9.6161/fonts/type1/public/amsfonts/cm/cmssbx1
0.pfb><D:/Study/LaTeX/MikTeX 2.9.6161/fonts/type1/public/amsfonts/cm/cmsy10.pfb
><D:/Study/LaTeX/MikTeX 2.9.6161/fonts/type1/public/amsfonts/cm/cmsy7.pfb><D:/S
tudy/LaTeX/MikTeX 2.9.6161/fonts/type1/public/amsfonts/cm/cmsy8.pfb><D:/Study/L
aTeX/MikTeX 2.9.6161/fonts/type1/public/amsfonts/cm/cmti12.pfb><D:/Study/LaTeX/
MikTeX 2.9.6161/fonts/type1/public/amsfonts/cm/cmtt12.pfb><D:/Study/LaTeX/MikTe
X 2.9.6161/fonts/type1/public/amsfonts/symbols/msbm10.pfb>
Output written on Robust-PCA-review-draft.pdf (19 pages, 530231 bytes).
PDF statistics:
 444 PDF objects out of 1000 (max. 8388607)
 102 named destinations out of 1000 (max. 500000)
 16 words of extra memory for PDF output out of 10000 (max. 10000000)

